<?xml version="1.0" encoding="UTF-8"?>
<testng-results skipped="0" failed="0" ignored="0" total="0" passed="0">
  <reporter-output>
  </reporter-output>
  <suite name="Suite" duration-ms="7" started-at="2019-09-06T01:21:55Z" finished-at="2019-09-06T01:21:55Z">
    <groups>
    </groups>
    <test name="Test1" duration-ms="7" started-at="2019-09-06T01:21:55Z" finished-at="2019-09-06T01:21:55Z">
    </test> <!-- Test1 -->
    <test name="Test2" duration-ms="7" started-at="2019-09-06T01:21:55Z" finished-at="2019-09-06T01:21:55Z">
    </test> <!-- Test2 -->
  </suite> <!-- Suite -->
</testng-results>
